<?xml version="1.0" encoding="UTF-8"?>
<!-- Generated by org.testng.reporters.JUnitXMLReporter -->
<testsuite hostname="Dreammoon" ignored="0" name="Default test" tests="3" failures="0" timestamp="27 Aug 2018 21:21:55 GMT" time="0.032" errors="0">
  <testcase name="testCase01" time="0.007" classname="testExample.TestNG01"/>
  <testcase name="testCase02" time="0.001" classname="testExample.TestNG01"/>
  <testcase name="testCase03" time="0.0" classname="testExample.TestNG01"/>
</testsuite> <!-- Default test -->
