<?xml version="1.0" encoding="UTF-8"?>
<!-- Generated by org.testng.reporters.JUnitXMLReporter -->
<testsuite hostname="Dreammoon" ignored="2" name="TestCase of TestNG" tests="3" failures="0" timestamp="27 Aug 2018 21:41:45 GMT" time="0.033" errors="0">
  <testcase name="Test05" time="0.009" classname="testExample.TestNG02"/>
  <testcase name="testCase02" time="0.002" classname="testExample.TestNG01"/>
  <testcase name="testCase03" time="0.001" classname="testExample.TestNG01"/>
  <testcase name="testCase01" time="0.0" classname="testExample.TestNG01">
    <ignored/>
  </testcase> <!-- testCase01 -->
  <testcase name="Test04" time="0.0" classname="testExample.TestNG02">
    <ignored/>
  </testcase> <!-- Test04 -->
</testsuite> <!-- TestCase of TestNG -->
