<?xml version="1.0" encoding="UTF-8"?>
<!-- Generated by org.testng.reporters.JUnitXMLReporter -->
<testsuite hostname="Dreammoon" ignored="0" name="TestCase of TestNG" tests="5" failures="0" timestamp="27 Aug 2018 21:57:03 GMT" time="0.04" errors="0">
  <testcase name="testCase01" time="0.008" classname="testExample.TestNG01"/>
  <testcase name="testCase02" time="0.002" classname="testExample.TestNG01"/>
  <testcase name="testCase03" time="0.002" classname="testExample.TestNG01"/>
  <testcase name="Test04" time="0.001" classname="testExample.TestNG02"/>
  <testcase name="Test05" time="0.001" classname="testExample.TestNG02"/>
</testsuite> <!-- TestCase of TestNG -->
