<?xml version="1.0" encoding="UTF-8"?>
<testng-results skipped="0" failed="0" ignored="2" total="5" passed="3">
  <reporter-output>
  </reporter-output>
  <suite name="Suite-TestNG Example" duration-ms="33" started-at="2018-08-27T21:41:45Z" finished-at="2018-08-27T21:41:45Z">
    <groups>
    </groups>
    <test name="TestCase of TestNG" duration-ms="33" started-at="2018-08-27T21:41:45Z" finished-at="2018-08-27T21:41:45Z">
      <class name="testExample.TestNG01">
        <test-method status="PASS" signature="testCase02()[pri:0, instance:testExample.TestNG01@6cc4c815]" name="testCase02" duration-ms="2" started-at="2018-08-27T21:41:45Z" finished-at="2018-08-27T21:41:45Z">
          <reporter-output>
          </reporter-output>
        </test-method> <!-- testCase02 -->
        <test-method status="PASS" signature="testCase03()[pri:0, instance:testExample.TestNG01@6cc4c815]" name="testCase03" duration-ms="1" started-at="2018-08-27T21:41:45Z" finished-at="2018-08-27T21:41:45Z">
          <reporter-output>
          </reporter-output>
        </test-method> <!-- testCase03 -->
      </class> <!-- testExample.TestNG01 -->
      <class name="testExample.TestNG02">
        <test-method status="PASS" signature="Test05()[pri:0, instance:testExample.TestNG02@56f4468b]" name="Test05" duration-ms="9" started-at="2018-08-27T21:41:45Z" finished-at="2018-08-27T21:41:45Z">
          <reporter-output>
          </reporter-output>
        </test-method> <!-- Test05 -->
      </class> <!-- testExample.TestNG02 -->
    </test> <!-- TestCase of TestNG -->
  </suite> <!-- Suite-TestNG Example -->
</testng-results>
